\BOOKMARK [0][-]{Doc-Start}{\376\377\000A\000B\000S\000T\000R\000A\000C\000T}{}% 1
\BOOKMARK [0][-]{Doc-Start}{\376\377\016\032\016\027\016\004\016\061\016\024\016\042\016\110\016\055}{}% 2
\BOOKMARK [0][-]{Doc-Start}{\376\377\016\001\016\064\016\025\016\025\016\064\016\001\016\043\016\043\016\041\016\033\016\043\016\060\016\001\016\062\016\050}{}% 3
\BOOKMARK [0][-]{Doc-Start}{\376\377\016\052\016\062\016\043\016\032\016\061\016\015}{}% 4
\BOOKMARK [0][-]{Doc-Start}{\376\377\016\052\016\062\016\043\016\032\016\061\016\015\016\025\016\062\016\043\016\062\016\007}{}% 5
\BOOKMARK [0][-]{Doc-Start}{\376\377\016\052\016\062\016\043\016\032\016\061\016\015\016\043\016\071\016\033\016\040\016\062\016\036}{}% 6
\BOOKMARK [0][-]{Doc-Start}{\376\377\016\052\016\062\016\043\016\032\016\061\016\015\016\052\016\061\016\015\016\045\016\061\016\001\016\051\016\023\016\114}{}% 7
\BOOKMARK [0][-]{Doc-Start}{\376\377\016\052\016\062\016\043\016\032\016\061\016\015\016\004\016\063\016\050\016\061\016\036\016\027\016\114\016\027\016\062\016\007\016\100\016\027\016\004\016\031\016\064\016\004\016\101\016\045\016\060\016\004\016\063\016\042\016\110\016\055}{}% 8
\BOOKMARK [0][-]{chapter.1}{\376\377\016\032\016\027\016\027\016\065\016\110\000\040\016\032\016\027\016\031\016\063}{}% 9
\BOOKMARK [1][-]{section.1.1}{\376\377\016\004\016\063\016\052\016\063\016\004\016\061\016\015}{chapter.1}% 10
\BOOKMARK [1][-]{section.1.2}{\376\377\016\004\016\047\016\062\016\041\016\052\016\063\016\004\016\061\016\015\016\002\016\055\016\007\016\033\016\061\016\015\016\053\016\062}{chapter.1}% 11
\BOOKMARK [1][-]{section.1.3}{\376\377\016\033\016\043\016\060\016\100\016\040\016\027\016\002\016\055\016\007\016\102\016\004\016\043\016\007\016\007\016\062\016\031}{chapter.1}% 12
\BOOKMARK [1][-]{section.1.4}{\376\377\016\047\016\064\016\030\016\065\016\001\016\062\016\043\016\027\016\065\016\110\016\031\016\063\016\100\016\052\016\031\016\055}{chapter.1}% 13
\BOOKMARK [1][-]{section.1.5}{\376\377\016\047\016\061\016\025\016\026\016\070\016\033\016\043\016\060\016\052\016\007\016\004\016\114}{chapter.1}% 14
\BOOKMARK [1][-]{section.1.6}{\376\377\016\002\016\055\016\032\016\100\016\002\016\025\016\002\016\055\016\007\016\007\016\062\016\031\016\047\016\064\016\010\016\061\016\042}{chapter.1}% 15
\BOOKMARK [1][-]{section.1.7}{\376\377\016\100\016\031\016\067\016\111\016\055\016\053\016\062\016\027\016\062\016\007\016\047\016\064\016\050\016\047\016\001\016\043\016\043\016\041\016\027\016\065\016\110\016\100\016\033\016\107\016\031\016\025\016\111\016\031\016\011\016\032\016\061\016\032}{chapter.1}% 16
\BOOKMARK [1][-]{section.1.8}{\376\377\016\001\016\062\016\043\016\101\016\042\016\001\016\042\016\110\016\055\016\042\016\007\016\062\016\031\000\040\016\101\016\045\016\060\016\043\016\110\016\062\016\007\016\101\016\034\016\031\016\001\016\062\016\043\016\024\016\063\016\100\016\031\016\064\016\031\016\007\016\062\016\031}{chapter.1}% 17
\BOOKMARK [1][-]{section.1.9}{\376\377\016\025\016\062\016\043\016\062\016\007\016\001\016\062\016\043\016\024\016\063\016\100\016\031\016\064\016\031\016\007\016\062\016\031}{chapter.1}% 18
\BOOKMARK [2][-]{subsection.1.9.1}{\376\377\016\034\016\045\016\001\016\062\016\043\016\024\016\063\016\100\016\031\016\064\016\031\016\007\016\062\016\031\016\103\016\031\016\040\016\062\016\004\016\001\016\062\016\043\016\050\016\066\016\001\016\051\016\062\016\027\016\065\016\110\000\040\0001}{section.1.9}% 19
\BOOKMARK [2][-]{subsection.1.9.2}{\376\377\016\034\016\045\016\001\016\062\016\043\016\024\016\063\016\100\016\031\016\064\016\031\016\007\016\062\016\031\016\103\016\031\016\040\016\062\016\004\016\001\016\062\016\043\016\050\016\066\016\001\016\051\016\062\016\027\016\065\016\110\000\040\0002}{section.1.9}% 20
\BOOKMARK [0][-]{chapter.2}{\376\377\016\032\016\027\016\027\016\065\016\110\000\040\016\027\016\065\016\110\016\041\016\062\000\040\016\027\016\044\016\051\016\016\016\065\016\101\016\045\016\060\016\007\016\062\016\031\016\047\016\064\016\010\016\061\016\042\016\027\016\065\016\110\016\100\016\001\016\065\016\110\016\042\016\047\016\002\016\111\016\055\016\007}{}% 21
\BOOKMARK [1][-]{section.2.1}{\376\377\016\032\016\027\016\031\016\063}{chapter.2}% 22
\BOOKMARK [1][-]{section.2.2}{\376\377\016\101\016\031\016\047\016\004\016\047\016\062\016\041\016\004\016\064\016\024\016\027\016\062\016\007\016\027\016\044\016\051\016\016\016\065}{chapter.2}% 23
\BOOKMARK [2][-]{subsection.2.2.1}{\376\377\000I\000m\000a\000g\000e\000\040\000P\000r\000o\000c\000e\000s\000s\000i\000n\000g}{section.2.2}% 24
\BOOKMARK [3][-]{subsubsection.2.2.1.1}{\376\377\000C\000o\000n\000t\000o\000u\000r}{subsection.2.2.1}% 25
\BOOKMARK [3][-]{subsubsection.2.2.1.2}{\376\377\000M\000o\000r\000p\000h\000o\000l\000o\000g\000y\000\040\000T\000r\000a\000n\000s\000f\000o\000r\000m\000a\000t\000i\000o\000n}{subsection.2.2.1}% 26
\BOOKMARK [2][-]{subsection.2.2.2}{\376\377\000O\000p\000t\000i\000c\000a\000l\000\040\000c\000h\000a\000r\000a\000c\000t\000e\000r\000\040\000r\000e\000c\000o\000g\000n\000i\000t\000i\000o\000n\000\040\000\050\000O\000C\000R\000\051}{section.2.2}% 27
\BOOKMARK [2][-]{subsection.2.2.3}{\376\377\000N\000a\000t\000u\000r\000a\000l\000\040\000l\000a\000n\000g\000u\000a\000g\000e\000\040\000p\000r\000o\000c\000e\000s\000s\000i\000n\000g}{section.2.2}% 28
\BOOKMARK [3][-]{subsubsection.2.2.3.1}{\376\377\000I\000n\000f\000o\000r\000m\000a\000t\000i\000o\000n\000\040\000r\000e\000t\000r\000i\000e\000v\000a\000l}{subsection.2.2.3}% 29
\BOOKMARK [3][-]{subsubsection.2.2.3.2}{\376\377\000T\000F\000-\000I\000D\000F}{subsection.2.2.3}% 30
\BOOKMARK [3][-]{subsubsection.2.2.3.3}{\376\377\000C\000o\000s\000i\000n\000e\000\040\000S\000i\000m\000i\000l\000a\000r\000i\000t\000y}{subsection.2.2.3}% 31
\BOOKMARK [3][-]{subsubsection.2.2.3.4}{\376\377\000M\000i\000n\000i\000m\000u\000m\000\040\000E\000d\000i\000t\000\040\000D\000i\000s\000t\000a\000n\000c\000e}{subsection.2.2.3}% 32
\BOOKMARK [2][-]{subsection.2.2.4}{\376\377\000R\000E\000S\000T\000f\000u\000l\000\040\000S\000e\000r\000v\000i\000c\000e}{section.2.2}% 33
\BOOKMARK [2][-]{subsection.2.2.5}{\376\377\000W\000o\000r\000d\000\040\000E\000m\000b\000e\000d\000d\000i\000n\000g}{section.2.2}% 34
\BOOKMARK [1][-]{section.2.3}{\376\377\016\040\016\062\016\051\016\062\016\004\016\055\016\041\016\036\016\064\016\047\016\100\016\025\016\055\016\043\016\114\016\101\016\045\016\060\016\100\016\027\016\004\016\102\016\031\016\102\016\045\016\042\016\065\000\040}{chapter.2}% 35
\BOOKMARK [2][-]{subsection.2.3.1}{\376\377\000O\000p\000e\000n\000\040\000s\000o\000u\000r\000c\000e\000\040\000C\000o\000m\000p\000u\000t\000e\000r\000\040\000V\000i\000s\000i\000o\000n\000\040\000\050\000O\000p\000e\000n\000C\000V\000\051}{section.2.3}% 36
\BOOKMARK [2][-]{subsection.2.3.2}{\376\377\000T\000e\000s\000s\000e\000r\000a\000c\000t\000\040\000O\000C\000R}{section.2.3}% 37
\BOOKMARK [2][-]{subsection.2.3.3}{\376\377\000D\000e\000e\000p\000C\000u\000t}{section.2.3}% 38
\BOOKMARK [2][-]{subsection.2.3.4}{\376\377\000R\000e\000a\000c\000t\000J\000S}{section.2.3}% 39
\BOOKMARK [2][-]{subsection.2.3.5}{\376\377\000P\000y\000t\000h\000o\000n}{section.2.3}% 40
\BOOKMARK [3][-]{subsubsection.2.3.5.1}{\376\377\000D\000j\000a\000n\000g\000o}{subsection.2.3.5}% 41
\BOOKMARK [2][-]{subsection.2.3.6}{\376\377\000N\000o\000d\000e\000J\000S}{section.2.3}% 42
\BOOKMARK [0][-]{chapter.3}{\376\377\016\032\016\027\016\027\016\065\016\110\000\040\016\001\016\062\016\043\016\055\016\055\016\001\016\101\016\032\016\032\016\101\016\045\016\060\016\043\016\060\016\100\016\032\016\065\016\042\016\032\016\047\016\064\016\030\016\065\016\047\016\064\016\010\016\061\016\042}{}% 43
\BOOKMARK [1][-]{section.3.1}{\376\377\000S\000y\000s\000t\000e\000m\000\040\000O\000v\000e\000r\000v\000i\000e\000w}{chapter.3}% 44
\BOOKMARK [1][-]{section.3.2}{\376\377\000F\000e\000a\000t\000u\000r\000e\000\040\000l\000i\000s\000t\000s}{chapter.3}% 45
\BOOKMARK [2][-]{subsection.3.2.1}{\376\377\016\001\016\062\016\043\016\101\016\033\016\045\016\007\016\100\016\055\016\001\016\052\016\062\016\043\016\100\016\033\016\107\016\031\016\043\016\071\016\033\016\040\016\062\016\036}{section.3.2}% 46
\BOOKMARK [2][-]{subsection.3.2.2}{\376\377\000I\000m\000a\000g\000e\000\040\000p\000r\000e\000p\000a\000r\000a\000t\000i\000o\000n}{section.3.2}% 47
\BOOKMARK [2][-]{subsection.3.2.3}{\376\377\000I\000m\000a\000g\000e\000\040\000t\000o\000\040\000w\000o\000r\000d}{section.3.2}% 48
\BOOKMARK [2][-]{subsection.3.2.4}{\376\377\000T\000e\000x\000t\000\040\000p\000r\000e\000p\000r\000o\000c\000e\000s\000s\000i\000n\000g}{section.3.2}% 49
\BOOKMARK [2][-]{subsection.3.2.5}{\376\377\000T\000a\000g\000\040\000g\000e\000n\000e\000r\000a\000t\000e\000d}{section.3.2}% 50
\BOOKMARK [2][-]{subsection.3.2.6}{\376\377\000S\000e\000a\000r\000c\000h}{section.3.2}% 51
\BOOKMARK [2][-]{subsection.3.2.7}{\376\377\000M\000a\000n\000a\000g\000e\000\040\000B\000o\000o\000k}{section.3.2}% 52
\BOOKMARK [2][-]{subsection.3.2.8}{\376\377\000L\000o\000g\000i\000n}{section.3.2}% 53
\BOOKMARK [1][-]{section.3.3}{\376\377\000S\000y\000s\000t\000e\000m\000\040\000r\000e\000q\000u\000i\000r\000e\000m\000e\000n\000t\000s}{chapter.3}% 54
\BOOKMARK [1][-]{section.3.4}{\376\377\000D\000a\000t\000a\000b\000a\000s\000e\000\040\000D\000e\000s\000i\000g\000n}{chapter.3}% 55
\BOOKMARK [2][-]{subsection.3.4.1}{\376\377\000D\000a\000t\000a\000b\000a\000s\000e\000\040\000S\000t\000r\000u\000c\000t\000u\000r\000e}{section.3.4}% 56
\BOOKMARK [2][-]{subsection.3.4.2}{\376\377\000D\000a\000t\000a\000b\000a\000s\000e\000\040\000D\000i\000c\000t\000i\000o\000n\000a\000r\000y}{section.3.4}% 57
\BOOKMARK [1][-]{section.3.5}{\376\377\000U\000M\000L\000\040\000D\000e\000s\000i\000g\000n}{chapter.3}% 58
\BOOKMARK [2][-]{subsection.3.5.1}{\376\377\000U\000s\000e\000\040\000c\000a\000s\000e\000\040\000d\000i\000a\000g\000r\000a\000m}{section.3.5}% 59
\BOOKMARK [2][-]{subsection.3.5.2}{\376\377\000S\000e\000q\000u\000e\000n\000c\000e\000\040\000d\000i\000a\000g\000r\000a\000m}{section.3.5}% 60
\BOOKMARK [3][-]{subsubsection.3.5.2.1}{\376\377\000U\000s\000e\000\040\000c\000a\000s\000e\000\040\000A\000d\000d\000\040\000D\000o\000c\000u\000m\000e\000n\000t}{subsection.3.5.2}% 61
\BOOKMARK [3][-]{subsubsection.3.5.2.2}{\376\377\000U\000s\000e\000\040\000c\000a\000s\000e\000\040\000M\000a\000n\000a\000g\000e\000\040\000w\000o\000r\000d\000\040\000i\000n\000\040\000d\000o\000c\000u\000m\000e\000n\000t}{subsection.3.5.2}% 62
\BOOKMARK [3][-]{subsubsection.3.5.2.3}{\376\377\000U\000s\000e\000\040\000c\000a\000s\000e\000\040\000V\000e\000r\000i\000f\000y\000\040\000D\000o\000c\000u\000m\000e\000n\000t\000\040\000t\000o\000\040\000G\000e\000n\000e\000r\000a\000t\000e\000\040\000K\000e\000y\000w\000o\000r\000d}{subsection.3.5.2}% 63
\BOOKMARK [3][-]{subsubsection.3.5.2.4}{\376\377\000U\000s\000e\000\040\000c\000a\000s\000e\000\040\000E\000d\000i\000t\000\040\000D\000o\000c\000u\000m\000e\000n\000t}{subsection.3.5.2}% 64
\BOOKMARK [3][-]{subsubsection.3.5.2.5}{\376\377\000U\000s\000e\000\040\000c\000a\000s\000e\000\040\000D\000e\000l\000e\000t\000e\000\040\000D\000o\000c\000u\000m\000e\000n\000t}{subsection.3.5.2}% 65
\BOOKMARK [3][-]{subsubsection.3.5.2.6}{\376\377\000U\000s\000e\000\040\000c\000a\000s\000e\000\040\000V\000i\000e\000w\000\040\000D\000o\000c\000u\000m\000e\000n\000t\000\040\000\046\000\040\000S\000e\000a\000r\000c\000h\000\040\000D\000o\000c\000u\000m\000e\000n\000t}{subsection.3.5.2}% 66
\BOOKMARK [3][-]{subsubsection.3.5.2.7}{\376\377\000U\000s\000e\000\040\000c\000a\000s\000e\000\040\000L\000o\000g\000i\000n}{subsection.3.5.2}% 67
\BOOKMARK [1][-]{section.3.6}{\376\377\000G\000U\000I\000\040\000D\000e\000s\000i\000g\000n}{chapter.3}% 68
\BOOKMARK [2][-]{subsection.3.6.1}{\376\377\000H\000o\000m\000e\000p\000a\000g\000e}{section.3.6}% 69
\BOOKMARK [2][-]{subsection.3.6.2}{\376\377\000H\000o\000m\000e\000p\000a\000g\000e\0002}{section.3.6}% 70
\BOOKMARK [2][-]{subsection.3.6.3}{\376\377\000L\000o\000g\000i\000n}{section.3.6}% 71
\BOOKMARK [2][-]{subsection.3.6.4}{\376\377\000I\000n\000s\000e\000r\000t\000\040\000B\000o\000o\000k\000\050\0001\000\051}{section.3.6}% 72
\BOOKMARK [2][-]{subsection.3.6.5}{\376\377\000I\000n\000s\000e\000r\000t\000\040\000B\000o\000o\000k\000\040\000\050\0002\000\051\000\040}{section.3.6}% 73
\BOOKMARK [2][-]{subsection.3.6.6}{\376\377\000I\000n\000s\000e\000r\000t\000\040\000B\000o\000o\000k\000\040\000\050\0003\000\051}{section.3.6}% 74
\BOOKMARK [2][-]{subsection.3.6.7}{\376\377\000I\000n\000s\000e\000r\000t\000\040\000B\000o\000o\000k\000\040\000\050\0004\000\051}{section.3.6}% 75
\BOOKMARK [2][-]{subsection.3.6.8}{\376\377\000I\000n\000s\000e\000r\000t\000\040\000B\000o\000o\000k\000\040\000\050\0005\000\051}{section.3.6}% 76
\BOOKMARK [2][-]{subsection.3.6.9}{\376\377\000I\000n\000s\000e\000r\000t\000\040\000B\000o\000o\000k\000\040\000\050\0006\000\051\000\040}{section.3.6}% 77
\BOOKMARK [2][-]{subsection.3.6.10}{\376\377\000S\000e\000a\000r\000c\000h}{section.3.6}% 78
\BOOKMARK [2][-]{subsection.3.6.11}{\376\377\000D\000o\000c\000u\000m\000e\000n\000t\000\040\000V\000i\000e\000w}{section.3.6}% 79
\BOOKMARK [2][-]{subsection.3.6.12}{\376\377\000M\000a\000n\000a\000g\000e\000\040\000b\000o\000o\000k}{section.3.6}% 80
\BOOKMARK [2][-]{subsection.3.6.13}{\376\377\000E\000d\000i\000t\000\040\000B\000o\000o\000k}{section.3.6}% 81
\BOOKMARK [2][-]{subsection.3.6.14}{\376\377\000U\000p\000l\000o\000a\000d\000\040\000S\000t\000a\000t\000u\000s\000\040\000P\000a\000g\000e}{section.3.6}% 82
\BOOKMARK [2][-]{subsection.3.6.15}{\376\377\000E\000v\000a\000l\000u\000a\000t\000e\000\040\000P\000r\000o\000c\000e\000s\000s\000\040\000D\000e\000s\000i\000g\000n}{section.3.6}% 83
\BOOKMARK [0][-]{chapter.4}{\376\377\016\032\016\027\016\027\016\065\016\110\000\040\016\034\016\045\016\001\016\062\016\043\016\024\016\063\016\100\016\031\016\064\016\031\016\007\016\062\016\031}{}% 84
\BOOKMARK [1][-]{section.4.1}{\376\377\016\034\016\045\016\045\016\061\016\036\016\030\016\114\016\027\016\065\016\110\016\104\016\024\016\111\016\010\016\062\016\001\016\001\016\062\016\043\016\027\016\063\000\040\000I\000m\000a\000g\000e\000\040\000p\000r\000o\000c\000e\000s\000s\000i\000n\000g}{chapter.4}% 85
\BOOKMARK [2][-]{subsection.4.1.1}{\376\377\000S\000k\000i\000p\000\040\000p\000a\000g\000e}{section.4.1}% 86
